<?xml version="1.0" encoding="UTF-8"?>
<testng-results ignored="1" total="3" passed="2" failed="0" skipped="0">
  <reporter-output>
  </reporter-output>
  <suite started-at="2021-02-05T10:14:42Z" name="FunctionalTesting" finished-at="2021-02-05T10:16:16Z" duration-ms="94462">
    <groups>
    </groups>
    <test started-at="2021-02-05T10:14:42Z" name="ChromeTest" finished-at="2021-02-05T10:15:55Z" duration-ms="73230">
      <class name="corporatesite.testcases.TC49VerifyPhoneNumber">
        <test-method is-config="true" signature="setApplication(java.lang.String)[pri:0, instance:corporatesite.testcases.TC49VerifyPhoneNumber@10aa41f2]" started-at="2021-02-05T15:44:42Z" name="setApplication" finished-at="2021-02-05T15:45:31Z" duration-ms="49329" status="PASS">
          <params>
            <param index="0">
              <value>
                <![CDATA[Chrome]]>
              </value>
            </param>
          </params>
          <reporter-output>
          </reporter-output>
        </test-method> <!-- setApplication -->
        <test-method signature="VerifyPhoneNumber()[pri:49, instance:corporatesite.testcases.TC49VerifyPhoneNumber@10aa41f2]" started-at="2021-02-05T15:45:31Z" name="VerifyPhoneNumber" finished-at="2021-02-05T15:45:46Z" duration-ms="14754" status="PASS">
          <reporter-output>
          </reporter-output>
        </test-method> <!-- VerifyPhoneNumber -->
      </class> <!-- corporatesite.testcases.TC49VerifyPhoneNumber -->
      <class name="corporatesite.testcases.TC50VerifyEmailPopup">
        <test-method signature="VerifyEmailPopup()[pri:50, instance:corporatesite.testcases.TC50VerifyEmailPopup@3af9c5b7]" started-at="2021-02-05T15:45:46Z" name="VerifyEmailPopup" finished-at="2021-02-05T15:45:55Z" duration-ms="8762" status="PASS">
          <reporter-output>
          </reporter-output>
        </test-method> <!-- VerifyEmailPopup -->
      </class> <!-- corporatesite.testcases.TC50VerifyEmailPopup -->
    </test> <!-- ChromeTest -->
    <test started-at="2021-02-05T10:16:16Z" name="EdgeTest" finished-at="2021-02-05T10:16:16Z" duration-ms="1">
    </test> <!-- EdgeTest -->
    <test started-at="2021-02-05T10:16:16Z" name="FirefoxTest" finished-at="2021-02-05T10:16:16Z" duration-ms="1">
    </test> <!-- FirefoxTest -->
  </suite> <!-- FunctionalTesting -->
</testng-results>
