<?xml version="1.0" encoding="UTF-8"?>
<!-- Generated by org.testng.reporters.JUnitXMLReporter -->
<testsuite ignored="1" hostname="kirti" failures="0" tests="2" name="ChromeTest" time="73.23" errors="0" timestamp="05 Feb 2021 10:16:09 GMT">
  <testcase classname="corporatesite.testcases.TC49VerifyPhoneNumber" name="VerifyPhoneNumber" time="14.754"/>
  <testcase classname="corporatesite.testcases.TC50VerifyEmailPopup" name="VerifyEmailPopup" time="8.762"/>
  <testcase classname="corporatesite.Browser" name="@BeforeTest setApplication" time="0.0">
    <ignored/>
  </testcase> <!-- @BeforeTest setApplication -->
</testsuite> <!-- ChromeTest -->
