<?xml version="1.0" encoding="UTF-8"?>
<!-- Generated by org.testng.reporters.JUnitXMLReporter -->
<testsuite hostname="Win10" ignored="4" name="IPADTest" tests="5" failures="0" timestamp="20 Jan 2021 12:03:04 GMT" time="333.369" errors="0">
  <testcase name="verifyboutUSClickMenu_TC20" time="30.549" classname="corporatesite.testcases.Mobiletc01"/>
  <testcase name="verifyContactUs_TC20" time="18.782" classname="corporatesite.testcases.Mobiletc02"/>
  <testcase name="verifyAboutUS_Submenus_TC20" time="16.45" classname="corporatesite.testcases.mobiletctctC03"/>
  <testcase name="verifybusinessintelligencePage_TC24" time="99.834" classname="corporatesite.testcases.Mobile04VerifybusinessintelligencePage"/>
  <testcase name="verifyMnagesupport_TC21" time="152.709" classname="corporatesite.testcases.tc05Mobilemanagesuppor"/>
  <testcase name="@BeforeTest setApplication" time="0.0" classname="corporatesite.Browser">
    <ignored/>
  </testcase> <!-- @BeforeTest setApplication -->
  <testcase name="@BeforeTest setApplication" time="0.0" classname="corporatesite.Browser">
    <ignored/>
  </testcase> <!-- @BeforeTest setApplication -->
  <testcase name="@BeforeTest setApplication" time="0.0" classname="corporatesite.Browser">
    <ignored/>
  </testcase> <!-- @BeforeTest setApplication -->
  <testcase name="@BeforeTest setApplication" time="0.0" classname="corporatesite.Browser">
    <ignored/>
  </testcase> <!-- @BeforeTest setApplication -->
</testsuite> <!-- IPADTest -->
