<?xml version="1.0" encoding="UTF-8"?>
<!-- Generated by org.testng.reporters.JUnitXMLReporter -->
<testsuite hostname="Win10" ignored="3" name="MotoG4Landscape" tests="4" failures="0" timestamp="25 Jan 2021 06:56:35 GMT" time="109.695" errors="0">
  <testcase name="verifyboutUSClickMenu_TC20" time="33.912" classname="corporatesite.testcases.TC35VerifyAboutUSClickMenu"/>
  <testcase name="verifyContactUs_TC20" time="16.908" classname="corporatesite.testcases.TC35VerifyAboutUsClickContactUs"/>
  <testcase name="verifyAboutUS_Submenus_TC20" time="41.67" classname="corporatesite.testcases.TC35VerifyAboutUsClickSubmenu"/>
  <testcase name="verifybusinessintelligencePage_TC36" time="2.75" classname="corporatesite.testcases.TC36VerifybusinessintelligencePage"/>
  <testcase name="@BeforeTest setApplication" time="0.0" classname="corporatesite.Browser">
    <ignored/>
  </testcase> <!-- @BeforeTest setApplication -->
  <testcase name="@BeforeTest setApplication" time="0.0" classname="corporatesite.Browser">
    <ignored/>
  </testcase> <!-- @BeforeTest setApplication -->
  <testcase name="@BeforeTest setApplication" time="0.0" classname="corporatesite.Browser">
    <ignored/>
  </testcase> <!-- @BeforeTest setApplication -->
</testsuite> <!-- MotoG4Landscape -->
