<?xml version="1.0" encoding="UTF-8"?>
<!-- Generated by org.testng.reporters.JUnitXMLReporter -->
<testsuite hostname="Win10" ignored="4" name="MotoG4Portrait" tests="5" failures="0" timestamp="25 Jan 2021 06:54:45 GMT" time="206.205" errors="0">
  <testcase name="verifyboutUSClickMenu_TC20" time="33.412" classname="corporatesite.testcases.TC35VerifyAboutUSClickMenu"/>
  <testcase name="verifyContactUs_TC20" time="17.339" classname="corporatesite.testcases.TC35VerifyAboutUsClickContactUs"/>
  <testcase name="verifyAboutUS_Submenus_TC20" time="41.686" classname="corporatesite.testcases.TC35VerifyAboutUsClickSubmenu"/>
  <testcase name="verifybusinessintelligencePage_TC36" time="2.675" classname="corporatesite.testcases.TC36VerifybusinessintelligencePage"/>
  <testcase name="verifyVerifybusinessintelligencmVldMsg__TC24" time="96.556" classname="corporatesite.testcases.TC36VerifybusinessintelligencVldMsg"/>
  <testcase name="@BeforeTest setApplication" time="0.0" classname="corporatesite.Browser">
    <ignored/>
  </testcase> <!-- @BeforeTest setApplication -->
  <testcase name="@BeforeTest setApplication" time="0.0" classname="corporatesite.Browser">
    <ignored/>
  </testcase> <!-- @BeforeTest setApplication -->
  <testcase name="@BeforeTest setApplication" time="0.0" classname="corporatesite.Browser">
    <ignored/>
  </testcase> <!-- @BeforeTest setApplication -->
  <testcase name="@BeforeTest setApplication" time="0.0" classname="corporatesite.Browser">
    <ignored/>
  </testcase> <!-- @BeforeTest setApplication -->
</testsuite> <!-- MotoG4Portrait -->
