# JRE version: Java(TM) SE Runtime Environment (8.0_251-b08) (build 1.8.0_251-b08)
# Java VM: Java HotSpot(TM) 64-Bit Server VM (25.251-b08 mixed mode windows-amd64 compressed oops)
Heap:
 PSYoungGen      total 90112K, used 28976K [0x00000000d5580000, 0x00000000de780000, 0x0000000100000000)
  eden space 80384K, 34% used [0x00000000d5580000,0x00000000d70392a0,0x00000000da400000)
  from space 9728K, 16% used [0x00000000da400000,0x00000000da592ff0,0x00000000dad80000)
  to   space 10240K, 0% used [0x00000000ddd80000,0x00000000ddd80000,0x00000000de780000)
 ParOldGen       total 87552K, used 51371K [0x0000000080000000, 0x0000000085580000, 0x00000000d5580000)
  object space 87552K, 58% used [0x0000000080000000,0x000000008322add8,0x0000000085580000)
 Metaspace       used 20635K, capacity 21126K, committed 21248K, reserved 1067008K
  class space    used 2540K, capacity 2707K, committed 2816K, reserved 1048576K
GC Heap History (10 events):
Event: 99.757 GC heap before
{Heap before GC invocations=9 (full 0):
 PSYoungGen      total 39936K, used 31596K [0x00000000d5580000, 0x00000000d8600000, 0x0000000100000000)
  eden space 31232K, 81% used [0x00000000d5580000,0x00000000d6e64300,0x00000000d7400000)
  from space 8704K, 70% used [0x00000000d7d80000,0x00000000d8376d30,0x00000000d8600000)
  to   space 9216K, 0% used [0x00000000d7400000,0x00000000d7400000,0x00000000d7d00000)
 ParOldGen       total 87552K, used 10003K [0x0000000080000000, 0x0000000085580000, 0x00000000d5580000)
  object space 87552K, 11% used [0x0000000080000000,0x00000000809c4d68,0x0000000085580000)
 Metaspace       used 18776K, capacity 19266K, committed 19456K, reserved 1067008K
  class space    used 2276K, capacity 2437K, committed 2560K, reserved 1048576K
Event: 99.766 GC heap after
Heap after GC invocations=9 (full 0):
 PSYoungGen      total 40448K, used 7000K [0x00000000d5580000, 0x00000000d9880000, 0x0000000100000000)
  eden space 31232K, 0% used [0x00000000d5580000,0x00000000d5580000,0x00000000d7400000)
  from space 9216K, 75% used [0x00000000d7400000,0x00000000d7ad62a8,0x00000000d7d00000)
  to   space 9216K, 0% used [0x00000000d8f80000,0x00000000d8f80000,0x00000000d9880000)
 ParOldGen       total 87552K, used 18649K [0x0000000080000000, 0x0000000085580000, 0x00000000d5580000)
  object space 87552K, 21% used [0x0000000080000000,0x0000000081236518,0x0000000085580000)
 Metaspace       used 18776K, capacity 19266K, committed 19456K, reserved 1067008K
  class space    used 2276K, capacity 2437K, committed 2560K, reserved 1048576K
}
Event: 99.789 GC heap before
{Heap before GC invocations=10 (full 0):
 PSYoungGen      total 40448K, used 27246K [0x00000000d5580000, 0x00000000d9880000, 0x0000000100000000)
  eden space 31232K, 64% used [0x00000000d5580000,0x00000000d69455c8,0x00000000d7400000)
  from space 9216K, 75% used [0x00000000d7400000,0x00000000d7ad62a8,0x00000000d7d00000)
  to   space 9216K, 0% used [0x00000000d8f80000,0x00000000d8f80000,0x00000000d9880000)
 ParOldGen       total 87552K, used 18649K [0x0000000080000000, 0x0000000085580000, 0x00000000d5580000)
  object space 87552K, 21% used [0x0000000080000000,0x0000000081236518,0x0000000085580000)
 Metaspace       used 18776K, capacity 19266K, committed 19456K, reserved 1067008K
  class space    used 2276K, capacity 2437K, committed 2560K, reserved 1048576K
Event: 99.810 GC heap after
Heap after GC invocations=10 (full 0):
 PSYoungGen      total 59392K, used 5817K [0x00000000d5580000, 0x00000000d9880000, 0x0000000100000000)
  eden space 50176K, 0% used [0x00000000d5580000,0x00000000d5580000,0x00000000d8680000)
  from space 9216K, 63% used [0x00000000d8f80000,0x00000000d952e508,0x00000000d9880000)
  to   space 9216K, 0% used [0x00000000d8680000,0x00000000d8680000,0x00000000d8f80000)
 ParOldGen       total 87552K, used 27303K [0x0000000080000000, 0x0000000085580000, 0x00000000d5580000)
  object space 87552K, 31% used [0x0000000080000000,0x0000000081aa9cb0,0x0000000085580000)
 Metaspace       used 18776K, capacity 19266K, committed 19456K, reserved 1067008K
  class space    used 2276K, capacity 2437K, committed 2560K, reserved 1048576K
}
Event: 109.018 GC heap before
{Heap before GC invocations=11 (full 0):
 PSYoungGen      total 59392K, used 53008K [0x00000000d5580000, 0x00000000d9880000, 0x0000000100000000)
  eden space 50176K, 94% used [0x00000000d5580000,0x00000000d8395df8,0x00000000d8680000)
  from space 9216K, 63% used [0x00000000d8f80000,0x00000000d952e508,0x00000000d9880000)
  to   space 9216K, 0% used [0x00000000d8680000,0x00000000d8680000,0x00000000d8f80000)
 ParOldGen       total 87552K, used 27303K [0x0000000080000000, 0x0000000085580000, 0x00000000d5580000)
  object space 87552K, 31% used [0x0000000080000000,0x0000000081aa9cb0,0x0000000085580000)
 Metaspace       used 19009K, capacity 19574K, committed 19712K, reserved 1067008K
  class space    used 2312K, capacity 2511K, committed 2560K, reserved 1048576K
Event: 109.025 GC heap after
Heap after GC invocations=11 (full 0):
 PSYoungGen      total 59392K, used 9129K [0x00000000d5580000, 0x00000000db800000, 0x0000000100000000)
  eden space 50176K, 0% used [0x00000000d5580000,0x00000000d5580000,0x00000000d8680000)
  from space 9216K, 99% used [0x00000000d8680000,0x00000000d8f6a680,0x00000000d8f80000)
  to   space 10240K, 0% used [0x00000000dae00000,0x00000000dae00000,0x00000000db800000)
 ParOldGen       total 87552K, used 30311K [0x0000000080000000, 0x0000000085580000, 0x00000000d5580000)
  object space 87552K, 34% used [0x0000000080000000,0x0000000081d99ee0,0x0000000085580000)
 Metaspace       used 19009K, capacity 19574K, committed 19712K, reserved 1067008K
  class space    used 2312K, capacity 2511K, committed 2560K, reserved 1048576K
}
Event: 109.116 GC heap before
{Heap before GC invocations=12 (full 0):
 PSYoungGen      total 59392K, used 49855K [0x00000000d5580000, 0x00000000db800000, 0x0000000100000000)
  eden space 50176K, 81% used [0x00000000d5580000,0x00000000d7d458f0,0x00000000d8680000)
  from space 9216K, 99% used [0x00000000d8680000,0x00000000d8f6a680,0x00000000d8f80000)
  to   space 10240K, 0% used [0x00000000dae00000,0x00000000dae00000,0x00000000db800000)
 ParOldGen       total 87552K, used 30311K [0x0000000080000000, 0x0000000085580000, 0x00000000d5580000)
  object space 87552K, 34% used [0x0000000080000000,0x0000000081d99ee0,0x0000000085580000)
 Metaspace       used 19009K, capacity 19574K, committed 19712K, reserved 1067008K
  class space    used 2312K, capacity 2511K, committed 2560K, reserved 1048576K
Event: 109.133 GC heap after
Heap after GC invocations=12 (full 0):
 PSYoungGen      total 89600K, used 6065K [0x00000000d5580000, 0x00000000db700000, 0x0000000100000000)
  eden space 80384K, 0% used [0x00000000d5580000,0x00000000d5580000,0x00000000da400000)
  from space 9216K, 65% used [0x00000000dae00000,0x00000000db3ec440,0x00000000db700000)
  to   space 9728K, 0% used [0x00000000da400000,0x00000000da400000,0x00000000dad80000)
 ParOldGen       total 87552K, used 51363K [0x0000000080000000, 0x0000000085580000, 0x00000000d5580000)
  object space 87552K, 58% used [0x0000000080000000,0x0000000083228dd8,0x0000000085580000)
 Metaspace       used 19009K, capacity 19574K, committed 19712K, reserved 1067008K
  class space    used 2312K, capacity 2511K, committed 2560K, reserved 1048576K
}
Event: 128.483 GC heap before
{Heap before GC invocations=13 (full 0):
 PSYoungGen      total 89600K, used 86449K [0x00000000d5580000, 0x00000000db700000, 0x0000000100000000)
  eden space 80384K, 100% used [0x00000000d5580000,0x00000000da400000,0x00000000da400000)
  from space 9216K, 65% used [0x00000000dae00000,0x00000000db3ec440,0x00000000db700000)
  to   space 9728K, 0% used [0x00000000da400000,0x00000000da400000,0x00000000dad80000)
 ParOldGen       total 87552K, used 51363K [0x0000000080000000, 0x0000000085580000, 0x00000000d5580000)
  object space 87552K, 58% used [0x0000000080000000,0x0000000083228dd8,0x0000000085580000)
 Metaspace       used 19129K, capacity 19702K, committed 19968K, reserved 1067008K
  class space    used 2312K, capacity 2511K, committed 2560K, reserved 1048576K
Event: 128.485 GC heap after
Heap after GC invocations=13 (full 0):
 PSYoungGen      total 90112K, used 1611K [0x00000000d5580000, 0x00000000de780000, 0x0000000100000000)
  eden space 80384K, 0% used [0x00000000d5580000,0x00000000d5580000,0x00000000da400000)
  from space 9728K, 16% used [0x00000000da400000,0x00000000da592ff0,0x00000000dad80000)
  to   space 10240K, 0% used [0x00000000ddd80000,0x00000000ddd80000,0x00000000de780000)
 ParOldGen       total 87552K, used 51371K [0x0000000080000000, 0x0000000085580000, 0x00000000d5580000)
  object space 87552K, 58% used [0x0000000080000000,0x000000008322add8,0x0000000085580000)
 Metaspace       used 19129K, capacity 19702K, committed 19968K, reserved 1067008K
  class space    used 2312K, capacity 2511K, committed 2560K, reserved 1048576K
}

